<?xml version="1.0" encoding="UTF-8"?>
<testsuite name="factory.InputSourceFactoryTest" tests="4" skipped="0" failures="0" errors="0" timestamp="2026-01-05T23:19:34" hostname="Vaishnavis-MacBook-Pro.local" time="0.003">
  <properties/>
  <testcase name="testCreateInteractiveInputSource" classname="factory.InputSourceFactoryTest" time="0.002"/>
  <testcase name="testCreateInputSourceCaseInsensitive" classname="factory.InputSourceFactoryTest" time="0.001"/>
  <testcase name="testCreateInvalidMode" classname="factory.InputSourceFactoryTest" time="0.0"/>
  <testcase name="testCreateHeadlessInputSource" classname="factory.InputSourceFactoryTest" time="0.0"/>
  <system-out><![CDATA[]]></system-out>
  <system-err><![CDATA[]]></system-err>
</testsuite>
