<?xml version="1.0" encoding="UTF-8"?>
<testsuite name="model.util.CreateEventDtoTest" tests="6" skipped="0" failures="0" errors="0" timestamp="2026-01-05T23:19:34" hostname="Vaishnavis-MacBook-Pro.local" time="0.0">
  <properties/>
  <testcase name="testAllDaySingleFactory" classname="model.util.CreateEventDtoTest" time="0.0"/>
  <testcase name="testTimedRecurringUntilFactory" classname="model.util.CreateEventDtoTest" time="0.0"/>
  <testcase name="testTimedSingleFactory" classname="model.util.CreateEventDtoTest" time="0.0"/>
  <testcase name="testTimedRecurringForFactory" classname="model.util.CreateEventDtoTest" time="0.0"/>
  <testcase name="testAllDayRecurringUntilFactory" classname="model.util.CreateEventDtoTest" time="0.0"/>
  <testcase name="testAllDayRecurringForFactory" classname="model.util.CreateEventDtoTest" time="0.0"/>
  <system-out><![CDATA[]]></system-out>
  <system-err><![CDATA[]]></system-err>
</testsuite>
