<?xml version="1.0" encoding="UTF-8"?>
<testsuite name="parser.ExportEventParserTest" tests="5" skipped="0" failures="0" errors="0" timestamp="2026-01-05T23:19:34" hostname="Vaishnavis-MacBook-Pro.local" time="0.002">
  <properties/>
  <testcase name="testParseMissingFilenameThrowsException" classname="parser.ExportEventParserTest" time="0.001"/>
  <testcase name="testParseExportCommand" classname="parser.ExportEventParserTest" time="0.001"/>
  <testcase name="testParseInvalidCommandThrowsException" classname="parser.ExportEventParserTest" time="0.0"/>
  <testcase name="testCanHandleValidExportCommands" classname="parser.ExportEventParserTest" time="0.0"/>
  <testcase name="testParseExportDifferentFilename" classname="parser.ExportEventParserTest" time="0.0"/>
  <system-out><![CDATA[]]></system-out>
  <system-err><![CDATA[]]></system-err>
</testsuite>
