<?xml version="1.0" encoding="UTF-8"?>
<testsuite name="command.ExportEventCommandTest" tests="4" skipped="0" failures="0" errors="0" timestamp="2026-01-05T23:19:33" hostname="Vaishnavis-MacBook-Pro.local" time="0.01">
  <properties/>
  <testcase name="testExecuteUnsupportedFileExtension" classname="command.ExportEventCommandTest" time="0.002"/>
  <testcase name="testExecuteSuccessfulExport" classname="command.ExportEventCommandTest" time="0.002"/>
  <testcase name="testExecuteVariousFileExtensions" classname="command.ExportEventCommandTest" time="0.005"/>
  <testcase name="testExecuteEmptyEventsSet" classname="command.ExportEventCommandTest" time="0.001"/>
  <system-out><![CDATA[]]></system-out>
  <system-err><![CDATA[]]></system-err>
</testsuite>
