<?xml version="1.0" encoding="UTF-8"?>
<testsuite name="model.util.DateUtilTest" tests="7" skipped="0" failures="0" errors="0" timestamp="2026-01-05T23:19:34" hostname="Vaishnavis-MacBook-Pro.local" time="0.001">
  <properties/>
  <testcase name="testExtractValidWeekdaysRemovesDuplicates" classname="model.util.DateUtilTest" time="0.0"/>
  <testcase name="testFindNextValidTodayIsMatch" classname="model.util.DateUtilTest" time="0.0"/>
  <testcase name="testFindNextValidWrapAroundWeek" classname="model.util.DateUtilTest" time="0.0"/>
  <testcase name="testExtractValidWeekdaysEmptyInput" classname="model.util.DateUtilTest" time="0.001"/>
  <testcase name="testFindNextValidNextMatchIsTomorrow" classname="model.util.DateUtilTest" time="0.0"/>
  <testcase name="testFindNextValidNoValidDaysThrowsException" classname="model.util.DateUtilTest" time="0.0"/>
  <testcase name="testExtractValidWeekdaysMixedDays" classname="model.util.DateUtilTest" time="0.0"/>
  <system-out><![CDATA[]]></system-out>
  <system-err><![CDATA[]]></system-err>
</testsuite>
