<?xml version="1.0" encoding="UTF-8"?>
<testsuite name="controller.EventControllerIntegrationTest" tests="29" skipped="0" failures="0" errors="0" timestamp="2026-01-05T23:19:34" hostname="Vaishnavis-MacBook-Pro.local" time="0.031">
  <properties/>
  <testcase name="testEditCalendarName" classname="controller.EventControllerIntegrationTest" time="0.003"/>
  <testcase name="testCreateSingleTimedEvent" classname="controller.EventControllerIntegrationTest" time="0.001"/>
  <testcase name="testEditCalendarTimezone" classname="controller.EventControllerIntegrationTest" time="0.0"/>
  <testcase name="testUpdateFailsForInvalidTimezone" classname="controller.EventControllerIntegrationTest" time="0.001"/>
  <testcase name="testCompleteWorkflow" classname="controller.EventControllerIntegrationTest" time="0.004"/>
  <testcase name="testCreateRecurringAllDayEventUntil" classname="controller.EventControllerIntegrationTest" time="0.0"/>
  <testcase name="testCreateSingleAllDayEvent" classname="controller.EventControllerIntegrationTest" time="0.0"/>
  <testcase name="testInvalidTimezoneThrowsException" classname="controller.EventControllerIntegrationTest" time="0.002"/>
  <testcase name="testWeekdaysParsing" classname="controller.EventControllerIntegrationTest" time="0.001"/>
  <testcase name="testCreateRecurringTimedEventForN" classname="controller.EventControllerIntegrationTest" time="0.0"/>
  <testcase name="testCreateCalendar" classname="controller.EventControllerIntegrationTest" time="0.001"/>
  <testcase name="testExportFailsIfActiveCalendarIsMissing" classname="controller.EventControllerIntegrationTest" time="0.001"/>
  <testcase name="testDuplicateCalendarThrowsException" classname="controller.EventControllerIntegrationTest" time="0.001"/>
  <testcase name="testCreateRecurringAllDayEventForN" classname="controller.EventControllerIntegrationTest" time="0.0"/>
  <testcase name="testTimezoneUpdateFailsIfDayChanges" classname="controller.EventControllerIntegrationTest" time="0.001"/>
  <testcase name="testExportToIcal" classname="controller.EventControllerIntegrationTest" time="0.002"/>
  <testcase name="testUseNonExistentCalendarThrowsException" classname="controller.EventControllerIntegrationTest" time="0.001"/>
  <testcase name="testUseCalendar" classname="controller.EventControllerIntegrationTest" time="0.001"/>
  <testcase name="testQueryEventsOnDate" classname="controller.EventControllerIntegrationTest" time="0.001"/>
  <testcase name="testUpdateFailsIfEventSpansMidnight" classname="controller.EventControllerIntegrationTest" time="0.0"/>
  <testcase name="testQueryEventsInRange" classname="controller.EventControllerIntegrationTest" time="0.0"/>
  <testcase name="testCreateEventWithoutActiveCalendarFails" classname="controller.EventControllerIntegrationTest" time="0.002"/>
  <testcase name="testCheckStatusAt" classname="controller.EventControllerIntegrationTest" time="0.001"/>
  <testcase name="testExportToCsv" classname="controller.EventControllerIntegrationTest" time="0.0"/>
  <testcase name="testCreateRecurringTimedEventUntil" classname="controller.EventControllerIntegrationTest" time="0.001"/>
  <testcase name="testUnknownCommandThrowsException" classname="controller.EventControllerIntegrationTest" time="0.0"/>
  <testcase name="testUpdateFailsForNonExistentCalendar" classname="controller.EventControllerIntegrationTest" time="0.0"/>
  <testcase name="testTimezoneUpdateIgnoredIfSameAsCurrent" classname="controller.EventControllerIntegrationTest" time="0.002"/>
  <testcase name="testTimezoneUpdateShiftsEventTime" classname="controller.EventControllerIntegrationTest" time="0.001"/>
  <system-out><![CDATA[]]></system-out>
  <system-err><![CDATA[]]></system-err>
</testsuite>
