<?xml version="1.0" encoding="UTF-8"?>
<testsuite name="view.ConsoleViewTest" tests="5" skipped="0" failures="0" errors="0" timestamp="2026-01-05T23:19:34" hostname="Vaishnavis-MacBook-Pro.local" time="0.002">
  <properties/>
  <testcase name="testDisplayError" classname="view.ConsoleViewTest" time="0.0"/>
  <testcase name="testDisplayEmptyMessage" classname="view.ConsoleViewTest" time="0.001"/>
  <testcase name="testDisplayResult" classname="view.ConsoleViewTest" time="0.0"/>
  <testcase name="testDisplayMessage" classname="view.ConsoleViewTest" time="0.001"/>
  <testcase name="testDisplayNullMessage" classname="view.ConsoleViewTest" time="0.0"/>
  <system-out><![CDATA[]]></system-out>
  <system-err><![CDATA[]]></system-err>
</testsuite>
