<?xml version="1.0" encoding="UTF-8"?>
<testsuite name="input.InteractiveInputSourceTest" tests="6" skipped="0" failures="0" errors="0" timestamp="2026-01-05T23:19:34" hostname="Vaishnavis-MacBook-Pro.local" time="0.001">
  <properties/>
  <testcase name="testHasMoreCommandsReturnsTrueWhenInputAvailable" classname="input.InteractiveInputSourceTest" time="0.001"/>
  <testcase name="testClose" classname="input.InteractiveInputSourceTest" time="0.0"/>
  <testcase name="testGetNextCommandReturnsNullWhenNoInput" classname="input.InteractiveInputSourceTest" time="0.0"/>
  <testcase name="testMultipleCommands" classname="input.InteractiveInputSourceTest" time="0.0"/>
  <testcase name="testGetNextCommandTrimsWhitespace" classname="input.InteractiveInputSourceTest" time="0.0"/>
  <testcase name="testGetNextCommandReturnsInput" classname="input.InteractiveInputSourceTest" time="0.0"/>
  <system-out><![CDATA[]]></system-out>
  <system-err><![CDATA[]]></system-err>
</testsuite>
