<?xml version="1.0" encoding="UTF-8"?>
<testsuite name="classevent.EventEqualsTest" tests="9" skipped="0" failures="0" errors="0" timestamp="2026-01-05T23:19:33" hostname="Vaishnavis-MacBook-Pro.local" time="0.004">
  <properties/>
  <testcase name="testEqualsDifferentSubject" classname="classevent.EventEqualsTest" time="0.001"/>
  <testcase name="testEqualsDifferentClass" classname="classevent.EventEqualsTest" time="0.0"/>
  <testcase name="testEqualsDifferentEndTime" classname="classevent.EventEqualsTest" time="0.0"/>
  <testcase name="testEqualsNull" classname="classevent.EventEqualsTest" time="0.0"/>
  <testcase name="testEqualsIgnoresOtherFields" classname="classevent.EventEqualsTest" time="0.0"/>
  <testcase name="testEqualsSameObject" classname="classevent.EventEqualsTest" time="0.0"/>
  <testcase name="testEqualsSameValues" classname="classevent.EventEqualsTest" time="0.0"/>
  <testcase name="testHashCodeDifferentEventsHaveDifferentHashCodes" classname="classevent.EventEqualsTest" time="0.0"/>
  <testcase name="testEqualsDifferentStartTime" classname="classevent.EventEqualsTest" time="0.001"/>
  <system-out><![CDATA[]]></system-out>
  <system-err><![CDATA[]]></system-err>
</testsuite>
