<?xml version="1.0" encoding="UTF-8"?>
<testsuite name="calendar.dto.QueryEventDtoTest" tests="3" skipped="0" failures="0" errors="0" timestamp="2026-01-05T23:19:33" hostname="Vaishnavis-MacBook-Pro.local" time="0.001">
  <properties/>
  <testcase name="testForRangeFactory" classname="calendar.dto.QueryEventDtoTest" time="0.001"/>
  <testcase name="testForStatusFactory" classname="calendar.dto.QueryEventDtoTest" time="0.0"/>
  <testcase name="testForDateFactory" classname="calendar.dto.QueryEventDtoTest" time="0.0"/>
  <system-out><![CDATA[]]></system-out>
  <system-err><![CDATA[]]></system-err>
</testsuite>
