<?xml version="1.0" encoding="UTF-8"?>
<testsuite name="parser.EditEventParserTest" tests="5" skipped="0" failures="0" errors="0" timestamp="2026-01-05T23:19:34" hostname="Vaishnavis-MacBook-Pro.local" time="0.003">
  <properties/>
  <testcase name="testParseEditForwardEvents" classname="parser.EditEventParserTest" time="0.001"/>
  <testcase name="testParseInvalidCommandThrowsException" classname="parser.EditEventParserTest" time="0.001"/>
  <testcase name="testParseEditSeries" classname="parser.EditEventParserTest" time="0.0"/>
  <testcase name="testParseEditSingleEvent" classname="parser.EditEventParserTest" time="0.001"/>
  <testcase name="testCanHandleValidEditCommands" classname="parser.EditEventParserTest" time="0.0"/>
  <system-out><![CDATA[]]></system-out>
  <system-err><![CDATA[]]></system-err>
</testsuite>
