<?xml version="1.0" encoding="UTF-8"?>
<testsuite name="input.HeadlessInputSourceCreatorTest" tests="4" skipped="0" failures="0" errors="0" timestamp="2026-01-05T23:19:34" hostname="Vaishnavis-MacBook-Pro.local" time="0.003">
  <properties/>
  <testcase name="testCreateWithMissingFileThrowsWrappedException" classname="input.HeadlessInputSourceCreatorTest" time="0.001"/>
  <testcase name="testCreateWithValidFile" classname="input.HeadlessInputSourceCreatorTest" time="0.001"/>
  <testcase name="testCreateWithNullFilenameThrowsException" classname="input.HeadlessInputSourceCreatorTest" time="0.0"/>
  <testcase name="testCreateWithEmptyFilenameThrowsException" classname="input.HeadlessInputSourceCreatorTest" time="0.001"/>
  <system-out><![CDATA[]]></system-out>
  <system-err><![CDATA[]]></system-err>
</testsuite>
