<?xml version="1.0" encoding="UTF-8"?>
<testsuite name="command.CalendarCommandTest" tests="4" skipped="0" failures="0" errors="0" timestamp="2026-01-05T23:19:33" hostname="Vaishnavis-MacBook-Pro.local" time="0.002">
  <properties/>
  <testcase name="testExecuteUseCalendar" classname="command.CalendarCommandTest" time="0.0"/>
  <testcase name="testExecuteEditCalendar" classname="command.CalendarCommandTest" time="0.0"/>
  <testcase name="testExecuteThrowsExceptionWhenStrategyIsMissing" classname="command.CalendarCommandTest" time="0.002"/>
  <testcase name="testExecuteCreateCalendar" classname="command.CalendarCommandTest" time="0.0"/>
  <system-out><![CDATA[]]></system-out>
  <system-err><![CDATA[]]></system-err>
</testsuite>
