<?xml version="1.0" encoding="UTF-8"?>
<testsuite name="service.CalendarModelTest" tests="8" skipped="0" failures="0" errors="0" timestamp="2026-01-05T23:19:34" hostname="Vaishnavis-MacBook-Pro.local" time="0.005">
  <properties/>
  <testcase name="testGetAllCalendarNames" classname="service.CalendarModelTest" time="0.001"/>
  <testcase name="testGetActiveCalendar" classname="service.CalendarModelTest" time="0.0"/>
  <testcase name="testGetCalendarTimezoneNotFoundThrowsException" classname="service.CalendarModelTest" time="0.002"/>
  <testcase name="testUpdateCalendarNameSourceNotFoundThrowsException" classname="service.CalendarModelTest" time="0.001"/>
  <testcase name="testCreateEventNoActiveCalendarThrowsException" classname="service.CalendarModelTest" time="0.0"/>
  <testcase name="testQueryEventNoActiveCalendarThrowsException" classname="service.CalendarModelTest" time="0.001"/>
  <testcase name="testEditEventCalendarDeletedAfterSelectionThrowsException" classname="service.CalendarModelTest" time="0.0"/>
  <testcase name="testUpdateCalendarNameTargetNameExistsThrowsException" classname="service.CalendarModelTest" time="0.0"/>
  <system-out><![CDATA[]]></system-out>
  <system-err><![CDATA[]]></system-err>
</testsuite>
