<?xml version="1.0" encoding="UTF-8"?>
<testsuite name="constants.ExportConstantsTest" tests="6" skipped="0" failures="0" errors="0" timestamp="2026-01-05T23:19:33" hostname="Vaishnavis-MacBook-Pro.local" time="0.001">
  <properties/>
  <testcase name="testGoogleTimeFormatPattern" classname="constants.ExportConstantsTest" time="0.001"/>
  <testcase name="testDateFormat" classname="constants.ExportConstantsTest" time="0.0"/>
  <testcase name="testTimeFormat" classname="constants.ExportConstantsTest" time="0.0"/>
  <testcase name="testConstructorForCoverage" classname="constants.ExportConstantsTest" time="0.0"/>
  <testcase name="testGoogleDateFormatPattern" classname="constants.ExportConstantsTest" time="0.0"/>
  <testcase name="testCsvHeaderValue" classname="constants.ExportConstantsTest" time="0.0"/>
  <system-out><![CDATA[]]></system-out>
  <system-err><![CDATA[]]></system-err>
</testsuite>
