<?xml version="1.0" encoding="UTF-8"?>
<testsuite name="controller.EventControllerRunLoopTest" tests="3" skipped="0" failures="0" errors="0" timestamp="2026-01-05T23:19:34" hostname="Vaishnavis-MacBook-Pro.local" time="0.001">
  <properties/>
  <testcase name="testRunHandlesNullCommandFromInput" classname="controller.EventControllerRunLoopTest" time="0.001"/>
  <testcase name="testRunDisplaysWelcomeAndExits" classname="controller.EventControllerRunLoopTest" time="0.0"/>
  <testcase name="testRunDisplaysErrorForException" classname="controller.EventControllerRunLoopTest" time="0.0"/>
  <system-out><![CDATA[]]></system-out>
  <system-err><![CDATA[]]></system-err>
</testsuite>
